Arguments: 
  C:\Program Files\nodejs\node.exe C:\Users\Admin\AppData\Roaming\npm\node_modules\yarn\bin\yarn.js add node-sass

PATH: 
  C:\Windows\system32;C:\Windows;C:\Windows\System32\Wbem;C:\Windows\System32\WindowsPowerShell\v1.0\;C:\Windows\System32\OpenSSH\;D:\Python27;D:\SourceCode\OptiBuilder2\mingw\bin;C:\Program Files\nodejs\;C:\Program Files\TortoiseSVN\bin;G:\study\vue\ts\node_modules\.bin;D:\software\微信web开发者工具\dll;E:\study\vue3\node_modules\.bin;D:\software\Git\cmd;C:\Users\Admin\AppData\Local\Programs\Python\Python37\Scripts\;C:\Users\Admin\AppData\Local\Programs\Python\Python37\;C:\Users\Admin\AppData\Local\Microsoft\WindowsApps;D:\Program Files\JetBrains\PyCharm 2021.1.3\bin;;D:\Python27\Scripts\;D:\Python27\;C:\Users\Admin\AppData\Roaming\npm;C:\Users\Admin\AppData\Local\Programs\Microsoft VS Code\bin

Yarn version: 
  1.22.17

Node version: 
  16.13.0

Platform: 
  win32 x64

Trace: 
  Error: EPERM: operation not permitted, unlink 'E:\study\demo-vue3\node_modules\esbuild-windows-64\esbuild.exe'

npm manifest: 
  {
    "name": "demo3",
    "version": "0.0.0",
    "scripts": {
      "dev": "vite",
      "build": "run-p type-check build-only",
      "preview": "vite preview --port 4173",
      "build-only": "vite build",
      "type-check": "vue-tsc --noEmit",
      "lint": "eslint . --ext .vue,.js,.jsx,.cjs,.mjs,.ts,.tsx,.cts,.mts --fix --ignore-path .gitignore"
    },
    "dependencies": {
      "pinia": "^2.0.14",
      "vue": "^3.2.36",
      "vue-router": "^4.0.15"
    },
    "devDependencies": {
      "@rushstack/eslint-patch": "^1.1.0",
      "@types/node": "^16.11.36",
      "@vitejs/plugin-vue": "^2.3.3",
      "@vitejs/plugin-vue-jsx": "^1.3.10",
      "@vue/eslint-config-prettier": "^7.0.0",
      "@vue/eslint-config-typescript": "^10.0.0",
      "@vue/tsconfig": "^0.1.3",
      "eslint": "^8.5.0",
      "eslint-plugin-vue": "^8.2.0",
      "npm-run-all": "^4.1.5",
      "prettier": "^2.5.1",
      "typescript": "~4.7.2",
      "vite": "^2.9.9",
      "vue-tsc": "^0.35.2"
    }
  }

yarn manifest: 
  No manifest

Lockfile: 
  No lockfile
